PLINK v1.90b6.22 64-bit (16 Apr 2021)
Options in effect:
  --allow-extra-chr
  --double-id
  --make-bed
  --out allele_biallelic_maf05
  --snps-only just-acgt
  --vcf allele_biallelic_maf05.recode.vcf

Hostname: genoma
Working directory: /home/bioinfo1/pgonzalez/Tareas_BioinfRepro2025_PG/Tarea 1.4/results
Start time: Sat Sep 27 12:03:19 2025

Random number seed: 1758985399
31640 MB RAM detected; reserving 15820 MB for main workspace.
--vcf: allele_biallelic_maf05-temporary.bed +
allele_biallelic_maf05-temporary.bim + allele_biallelic_maf05-temporary.fam
written.
3600 variants loaded from .bim file.
18 people (0 males, 0 females, 18 ambiguous) loaded from .fam.
Ambiguous sex IDs written to allele_biallelic_maf05.nosex .
Using 1 thread (no multithreaded calculations invoked).
Before main variant filters, 18 founders and 0 nonfounders present.
Calculating allele frequencies... done.
Total genotyping rate is 0.815509.
3600 variants and 18 people pass filters and QC.
Note: No phenotypes present.
--make-bed to allele_biallelic_maf05.bed + allele_biallelic_maf05.bim +
allele_biallelic_maf05.fam ... done.

End time: Sat Sep 27 12:03:19 2025
