PLINK v1.90b6.22 64-bit (16 Apr 2021)
Options in effect:
  --bfile chilean_all48_hg19
  --check-sex
  --out ../results/plink_sexcheck

Hostname: genoma
Working directory: /home/bioinfo1/pgonzalez/Tareas_BioinfRepro2025_PG/Tarea 1.4/data
Start time: Mon Sep 29 17:42:40 2025

Random number seed: 1759178560
31640 MB RAM detected; reserving 15820 MB for main workspace.
813366 variants loaded from .bim file.
48 people (27 males, 21 females) loaded from .fam.
48 phenotype values loaded from .fam.
Using 1 thread (no multithreaded calculations invoked).
Before main variant filters, 48 founders and 0 nonfounders present.
Calculating allele frequencies... done.
Warning: 11824 het. haploid genotypes present (see ../results/plink_sexcheck.hh
); many commands treat these as missing.
Warning: Nonmissing nonmale Y chromosome genotype(s) present; many commands
treat these as missing.
Total genotyping rate is 0.989751.
813366 variants and 48 people pass filters and QC.
Among remaining phenotypes, 0 are cases and 48 are controls.
--check-sex: 20969 Xchr and 0 Ychr variant(s) scanned, 2 problems detected.
Report written to ../results/plink_sexcheck.sexcheck .

End time: Mon Sep 29 17:42:40 2025
