PLINK v1.90b6.22 64-bit (16 Apr 2021)
Options in effect:
  --file ../results/chilean_all48_hg19_maf05_missing10
  --hardy
  --out ../results/chilean_all48_hg19_maf05_missing10

Hostname: genoma
Working directory: /home/bioinfo1/pgonzalez/Tareas_BioinfRepro2025_PG/Tarea 1.4/data
Start time: Sun Sep 28 00:04:56 2025

Random number seed: 1759028696
31640 MB RAM detected; reserving 15820 MB for main workspace.
Scanning .ped file... done.
Performing single-pass .bed write (466296 variants, 46 people).
--file: ../results/chilean_all48_hg19_maf05_missing10-temporary.bed +
../results/chilean_all48_hg19_maf05_missing10-temporary.bim +
../results/chilean_all48_hg19_maf05_missing10-temporary.fam written.
466296 variants loaded from .bim file.
46 people (26 males, 20 females) loaded from .fam.
46 phenotype values loaded from .fam.
Using 1 thread (no multithreaded calculations invoked).
Before main variant filters, 46 founders and 0 nonfounders present.
Calculating allele frequencies... done.
Warning: 10320 het. haploid genotypes present (see
../results/chilean_all48_hg19_maf05_missing10.hh ); many commands treat these
as missing.
Warning: Nonmissing nonmale Y chromosome genotype(s) present; many commands
treat these as missing.
Total genotyping rate is 0.994486.
--hardy: Writing Hardy-Weinberg report (founders only) to
../results/chilean_all48_hg19_maf05_missing10.hwe ... done.

End time: Sun Sep 28 00:04:58 2025
